c:\bamt\bamt\x64\release\vc143.pdb
c:\bamt\bamt\x64\release\enemy.obj
c:\bamt\bamt\x64\release\weapon.obj
c:\bamt\bamt\x64\release\playerweapon.obj
c:\bamt\bamt\x64\release\enemyweapon.obj
c:\bamt\bamt\x64\release\uimanager.obj
c:\bamt\bamt\x64\release\timesystem.obj
c:\bamt\bamt\x64\release\scoresystem.obj
c:\bamt\bamt\x64\release\projectile.obj
c:\bamt\bamt\x64\release\powerupreciever.obj
c:\bamt\bamt\x64\release\powerup.obj
c:\bamt\bamt\x64\release\playeranimationsystem.obj
c:\bamt\bamt\x64\release\mousefollow.obj
c:\bamt\bamt\x64\release\mouseaim.obj
c:\bamt\bamt\x64\release\keyboardmovement.obj
c:\bamt\bamt\x64\release\playerhealth.obj
c:\bamt\bamt\x64\release\health.obj
c:\bamt\bamt\x64\release\enemyhealth.obj
c:\bamt\bamt\x64\release\enemyspawnsystem.obj
c:\bamt\bamt\x64\release\enemymovement.obj
c:\bamt\bamt\x64\release\enemyanimationsystem.obj
c:\bamt\bamt\x64\release\transform.obj
c:\bamt\bamt\x64\release\trailrenderer.obj
c:\bamt\bamt\x64\release\textrenderer.obj
c:\bamt\bamt\x64\release\spriterenderer.obj
c:\bamt\bamt\x64\release\rigidbody.obj
c:\bamt\bamt\x64\release\renderer.obj
c:\bamt\bamt\x64\release\rectrenderer.obj
c:\bamt\bamt\x64\release\musicsource.obj
c:\bamt\bamt\x64\release\linerenderer.obj
c:\bamt\bamt\x64\release\entitypooler.obj
c:\bamt\bamt\x64\release\button.obj
c:\bamt\bamt\x64\release\audiosource.obj
c:\bamt\bamt\x64\release\animator.obj
c:\bamt\bamt\x64\release\physicstestscene.obj
c:\bamt\bamt\x64\release\splashscreen.obj
c:\bamt\bamt\x64\release\assignmentmenu.obj
c:\bamt\bamt\x64\release\assignmentgamelevel.obj
c:\bamt\bamt\x64\release\assignmentgame.obj
c:\bamt\bamt\x64\release\player.obj
c:\bamt\bamt\x64\release\gamemanager.obj
c:\bamt\bamt\x64\release\main.obj
c:\bamt\bamt\x64\release\ticktimer.obj
c:\bamt\bamt\x64\release\input.obj
c:\bamt\bamt\x64\release\debug.obj
c:\bamt\bamt\x64\release\colour.obj
c:\bamt\bamt\x64\release\bamtmath.obj
c:\bamt\bamt\x64\release\audiomanager.obj
c:\bamt\bamt\x64\release\assetwarehouse.obj
c:\bamt\bamt\x64\release\staticcollider.obj
c:\bamt\bamt\x64\release\coordinategrid.obj
c:\bamt\bamt\x64\release\enginemanager.obj
c:\bamt\bamt\x64\release\scene.obj
c:\bamt\bamt\x64\release\entity.obj
c:\bamt\bamt\x64\release\component.obj
c:\bamt\bamt\x64\release\trirenderer.obj
c:\users\owner\riderprojects\bamt-engine\bamt\x64\release\vc143.pdb
c:\users\owner\riderprojects\bamt-engine\bamt\x64\release\scoresystem.obj
c:\users\owner\riderprojects\bamt-engine\bamt\x64\release\powerupreciever.obj
c:\users\owner\riderprojects\bamt-engine\bamt\x64\release\powerup.obj
c:\users\owner\riderprojects\bamt-engine\bamt\x64\release\playerhealth.obj
c:\users\owner\riderprojects\bamt-engine\bamt\x64\release\enemymovement.obj
c:\users\owner\riderprojects\bamt-engine\bamt\x64\release\entitypooler.obj
c:\users\owner\riderprojects\bamt-engine\bamt\x64\release\button.obj
c:\users\owner\riderprojects\bamt-engine\bamt\x64\release\audiosource.obj
c:\users\owner\riderprojects\bamt-engine\bamt\x64\release\animator.obj
c:\users\owner\riderprojects\bamt-engine\bamt\x64\release\assignmentmenu.obj
c:\users\owner\riderprojects\bamt-engine\bamt\x64\release\gamemanager.obj
c:\users\owner\riderprojects\bamt-engine\bamt\x64\release\uimanager.obj
c:\users\owner\riderprojects\bamt-engine\bamt\x64\release\timesystem.obj
c:\users\owner\riderprojects\bamt-engine\bamt\x64\release\playeranimationsystem.obj
c:\users\owner\riderprojects\bamt-engine\bamt\x64\release\mousefollow.obj
c:\users\owner\riderprojects\bamt-engine\bamt\x64\release\mouseaim.obj
c:\users\owner\riderprojects\bamt-engine\bamt\x64\release\health.obj
c:\users\owner\riderprojects\bamt-engine\bamt\x64\release\enemyhealth.obj
c:\users\owner\riderprojects\bamt-engine\bamt\x64\release\enemyspawnsystem.obj
c:\users\owner\riderprojects\bamt-engine\bamt\x64\release\enemyanimationsystem.obj
c:\users\owner\riderprojects\bamt-engine\bamt\x64\release\transform.obj
c:\users\owner\riderprojects\bamt-engine\bamt\x64\release\textrenderer.obj
c:\users\owner\riderprojects\bamt-engine\bamt\x64\release\rigidbody.obj
c:\users\owner\riderprojects\bamt-engine\bamt\x64\release\renderer.obj
c:\users\owner\riderprojects\bamt-engine\bamt\x64\release\rectrenderer.obj
c:\users\owner\riderprojects\bamt-engine\bamt\x64\release\spriterenderer.obj
c:\users\owner\riderprojects\bamt-engine\bamt\x64\release\linerenderer.obj
c:\users\owner\riderprojects\bamt-engine\bamt\x64\release\staticcollider.obj
c:\users\owner\riderprojects\bamt-engine\bamt\x64\release\trailrenderer.obj
c:\users\owner\riderprojects\bamt-engine\bamt\x64\release\musicsource.obj
c:\users\owner\riderprojects\bamt-engine\bamt\x64\release\keyboardmovement.obj
c:\users\owner\riderprojects\bamt-engine\bamt\x64\release\player.obj
c:\users\owner\riderprojects\bamt-engine\bamt\x64\release\assignmentgamelevel.obj
c:\users\owner\riderprojects\bamt-engine\bamt\x64\release\assignmentgame.obj
c:\users\owner\riderprojects\bamt-engine\bamt\x64\release\physicstestscene.obj
c:\users\owner\riderprojects\bamt-engine\bamt\x64\release\enemy.obj
c:\users\owner\riderprojects\bamt-engine\bamt\x64\release\projectile.obj
c:\users\owner\riderprojects\bamt-engine\bamt\x64\release\weapon.obj
c:\users\owner\riderprojects\bamt-engine\bamt\x64\release\playerweapon.obj
c:\users\owner\riderprojects\bamt-engine\bamt\x64\release\enemyweapon.obj
c:\users\owner\riderprojects\bamt-engine\bamt\x64\release\main.obj
c:\users\owner\riderprojects\bamt-engine\bamt\x64\release\splashscreen.obj
c:\users\owner\riderprojects\bamt-engine\bamt\x64\release\ticktimer.obj
c:\users\owner\riderprojects\bamt-engine\bamt\x64\release\assetwarehouse.obj
c:\users\owner\riderprojects\bamt-engine\bamt\x64\release\input.obj
c:\users\owner\riderprojects\bamt-engine\bamt\x64\release\debug.obj
c:\users\owner\riderprojects\bamt-engine\bamt\x64\release\colour.obj
c:\users\owner\riderprojects\bamt-engine\bamt\x64\release\bamtmath.obj
c:\users\owner\riderprojects\bamt-engine\bamt\x64\release\audiomanager.obj
c:\users\owner\riderprojects\bamt-engine\bamt\x64\release\coordinategrid.obj
c:\users\owner\riderprojects\bamt-engine\bamt\x64\release\enginemanager.obj
c:\users\owner\riderprojects\bamt-engine\bamt\x64\release\scene.obj
c:\users\owner\riderprojects\bamt-engine\bamt\x64\release\entity.obj
c:\users\owner\riderprojects\bamt-engine\bamt\x64\release\component.obj
c:\users\owner\riderprojects\bamt-engine\bamt\x64\release\trirenderer.obj
c:\bamt\x64\release\bamt.exe
c:\bamt\x64\release\bamt.pdb
c:\bamt\bamt\x64\release\bamt.iobj
c:\users\owner\riderprojects\bamt-engine\x64\release\bamt.exe
c:\users\owner\riderprojects\bamt-engine\bamt\x64\release\bamt.ipdb
c:\users\owner\riderprojects\bamt-engine\x64\release\bamt.pdb
c:\users\owner\riderprojects\bamt-engine\bamt\x64\release\bamt.iobj
c:\bamt\bamt\x64\release\bamt.res
c:\users\owner\riderprojects\bamt-engine\bamt\x64\release\bamt.res
c:\users\owner\riderprojects\bamt-engine\bamt\x64\release\bamt.tlog\cl.command.1.tlog
c:\users\owner\riderprojects\bamt-engine\bamt\x64\release\bamt.tlog\cl.items.tlog
c:\users\owner\riderprojects\bamt-engine\bamt\x64\release\bamt.tlog\cl.read.1.tlog
c:\users\owner\riderprojects\bamt-engine\bamt\x64\release\bamt.tlog\cl.write.1.tlog
c:\users\owner\riderprojects\bamt-engine\bamt\x64\release\bamt.tlog\link.command.1.tlog
c:\users\owner\riderprojects\bamt-engine\bamt\x64\release\bamt.tlog\link.read.1.tlog
c:\users\owner\riderprojects\bamt-engine\bamt\x64\release\bamt.tlog\link.write.1.tlog
c:\users\owner\riderprojects\bamt-engine\bamt\x64\release\bamt.tlog\rc.command.1.tlog
c:\users\owner\riderprojects\bamt-engine\bamt\x64\release\bamt.tlog\rc.read.1.tlog
c:\users\owner\riderprojects\bamt-engine\bamt\x64\release\bamt.tlog\rc.write.1.tlog
