  EnemyAnimationSystem.cpp
  EnemyMovement.cpp
  EnemySpawnSystem.cpp
  EnemyHealth.cpp
  Health.cpp
  KeyboardMovement.cpp
  MouseAim.cpp
  MouseFollow.cpp
  PlayerAnimationSystem.cpp
  Powerup.cpp
  PowerupReciever.cpp
  Projectile.cpp
  UIManager.cpp
  EnemyWeapon.cpp
  PlayerWeapon.cpp
  Weapon.cpp
  Enemy.cpp
  GameManager.cpp
  Player.cpp
  AssignmentGame.cpp
  Compiling...
  AssignmentGameLevel.cpp
  AssignmentMenu.cpp
  SplashScreen.cpp
C:\BAMT\BAMT\Core\ECS\Entity.h(88,42): warning C4244: 'argument': conversion from '_Ty' to 'float', possible loss of data
          with
          [
              _Ty=int
          ]
C:\BAMT\BAMT\Assignment\Scenes\SplashScreen.cpp(25): message : see reference to function template instantiation 'T *Entity::AddComponent<SpriteRenderer,int,int,const char(&)[21]>(int &&,int &&,const char (&)[21])' being compiled
          with
          [
              T=SpriteRenderer
          ]
  PhysicsTestScene.cpp
  Animator.cpp
C:\BAMT\BAMT\Core\Components\Animator.cpp(57,49): warning C4244: '=': conversion from 'float' to 'int', possible loss of data
C:\BAMT\BAMT\Core\Components\Animator.cpp(58,50): warning C4244: '=': conversion from 'float' to 'int', possible loss of data
C:\BAMT\BAMT\Core\Components\Animator.cpp(60,106): warning C4244: '=': conversion from 'float' to 'int', possible loss of data
C:\BAMT\BAMT\Core\Components\Animator.cpp(61,106): warning C4244: '=': conversion from 'float' to 'int', possible loss of data
  AudioSource.cpp
  Button.cpp
  LineRenderer.cpp
  MusicSource.cpp
  RectRenderer.cpp
C:\BAMT\BAMT\Core\Components\RectRenderer.cpp(20,37): warning C4244: '=': conversion from 'float' to 'int', possible loss of data
C:\BAMT\BAMT\Core\Components\RectRenderer.cpp(21,38): warning C4244: '=': conversion from 'float' to 'int', possible loss of data
C:\BAMT\BAMT\Core\Components\RectRenderer.cpp(23,96): warning C4244: '=': conversion from 'float' to 'int', possible loss of data
C:\BAMT\BAMT\Core\Components\RectRenderer.cpp(24,96): warning C4244: '=': conversion from 'float' to 'int', possible loss of data
  RigidBody.cpp
  SpriteRenderer.cpp
C:\BAMT\BAMT\Core\Components\SpriteRenderer.cpp(26,42): warning C4244: '=': conversion from 'float' to 'int', possible loss of data
C:\BAMT\BAMT\Core\Components\SpriteRenderer.cpp(27,43): warning C4244: '=': conversion from 'float' to 'int', possible loss of data
C:\BAMT\BAMT\Core\Components\SpriteRenderer.cpp(29,99): warning C4244: '=': conversion from 'float' to 'int', possible loss of data
C:\BAMT\BAMT\Core\Components\SpriteRenderer.cpp(30,99): warning C4244: '=': conversion from 'float' to 'int', possible loss of data
  TextRenderer.cpp
C:\BAMT\BAMT\Core\Components\TextRenderer.cpp(52,32): warning C4244: '=': conversion from 'float' to 'int', possible loss of data
C:\BAMT\BAMT\Core\Components\TextRenderer.cpp(53,33): warning C4244: '=': conversion from 'float' to 'int', possible loss of data
C:\BAMT\BAMT\Core\Components\TextRenderer.cpp(55,99): warning C4244: '=': conversion from 'float' to 'int', possible loss of data
C:\BAMT\BAMT\Core\Components\TextRenderer.cpp(56,99): warning C4244: '=': conversion from 'float' to 'int', possible loss of data
  TrailRenderer.cpp
  Scene.cpp
  EngineManager.cpp
  CoordinateGrid.cpp
  StaticCollider.cpp
  AudioManager.cpp
C:\BAMT\BAMT\Core\Misc\AudioManager.cpp(8,24): warning C4244: 'argument': conversion from 'int' to 'float', possible loss of data
C:\BAMT\BAMT\Core\Misc\AudioManager.cpp(8,23): warning C4244: '=': conversion from 'float' to 'int', possible loss of data
  Input.cpp
  Compiling...
  Main.cpp
C:\BAMT\BAMT\Main.cpp(13,22): warning C4244: 'argument': conversion from 'time_t' to 'unsigned int', possible loss of data
  Generating code
  0 of 1825 functions ( 0.0%) were compiled, the rest were copied from previous compilation.
    0 functions were new in current compilation
    0 functions had inline decision re-evaluated but remain unchanged
  Finished generating code
  BAMT.vcxproj -> C:\BAMT\x64\Release\BAMT.exe
