c:\bamt\bamt\x64\debug\vc143.pdb
c:\bamt\bamt\x64\debug\vc143.idb
c:\bamt\bamt\x64\debug\colour.obj
c:\bamt\bamt\x64\debug\coordinategrid.obj
c:\bamt\bamt\x64\debug\enginemanager.obj
c:\bamt\bamt\x64\debug\scene.obj
c:\bamt\bamt\x64\debug\entity.obj
c:\bamt\bamt\x64\debug\component.obj
c:\bamt\bamt\x64\debug\trirenderer.obj
c:\bamt\bamt\x64\debug\transform.obj
c:\bamt\bamt\x64\debug\rigidbody.obj
c:\bamt\bamt\x64\debug\renderer.obj
c:\bamt\bamt\x64\debug\rectrenderer.obj
c:\bamt\bamt\x64\debug\spriterenderer.obj
c:\bamt\bamt\x64\debug\linerenderer.obj
c:\bamt\bamt\x64\debug\staticcollider.obj
c:\bamt\bamt\x64\debug\physicsmovement.obj
c:\bamt\bamt\x64\debug\physicscube.obj
c:\bamt\bamt\x64\debug\pinballgamelevel.obj
c:\bamt\bamt\x64\debug\pinballgame.obj
c:\bamt\bamt\x64\debug\physicstestscene.obj
c:\bamt\bamt\x64\debug\slingshot.obj
c:\bamt\bamt\x64\debug\main.obj
c:\bamt\bamt\x64\debug\splashscreen.obj
c:\bamt\bamt\x64\debug\ticktimer.obj
c:\bamt\bamt\x64\debug\textureatlas.obj
c:\bamt\bamt\x64\debug\input.obj
c:\bamt\bamt\x64\debug\debug.obj
c:\bamt\bamt\x64\debug\bamtmath.obj
c:\bamt\bamt\x64\debug\player.obj
c:\bamt\bamt\x64\debug\playermovement.obj
c:\bamt\bamt\x64\debug\keyboardmovement.obj
c:\bamt\bamt\x64\debug\projectile.obj
c:\bamt\bamt\x64\debug\playerweapon.obj
c:\bamt\bamt\x64\debug\entitypooler.obj
c:\bamt\bamt\x64\debug\mouseaim.obj
c:\bamt\bamt\x64\debug\weapon.obj
c:\bamt\bamt\x64\debug\enemy.obj
c:\bamt\bamt\x64\debug\enemyweapon.obj
c:\bamt\bamt\x64\debug\enemymovement.obj
c:\bamt\bamt\x64\debug\health.obj
c:\bamt\bamt\x64\debug\enemyhealth.obj
c:\bamt\x64\debug\bamt.exe
c:\bamt\bamt\x64\debug\bamt.ilk
c:\bamt\x64\debug\bamt.pdb
c:\bamt\bamt\x64\debug\bamt.res
c:\bamt\bamt\x64\debug\bamt.tlog\cl.command.1.tlog
c:\bamt\bamt\x64\debug\bamt.tlog\cl.read.1.tlog
c:\bamt\bamt\x64\debug\bamt.tlog\cl.write.1.tlog
c:\bamt\bamt\x64\debug\bamt.tlog\link.command.1.tlog
c:\bamt\bamt\x64\debug\bamt.tlog\link.read.1.tlog
c:\bamt\bamt\x64\debug\bamt.tlog\link.write.1.tlog
c:\bamt\bamt\x64\debug\bamt.tlog\rc.command.1.tlog
c:\bamt\bamt\x64\debug\bamt.tlog\rc.read.1.tlog
c:\bamt\bamt\x64\debug\bamt.tlog\rc.write.1.tlog
